  stdafx.cpp
  ViewTree.cpp
  ZoomBox.cpp
  Zoom.cpp
  Rotate.cpp
  Pan.cpp
  Tools.cpp
  ReadWrite.cpp
  PV.CPP
  Math2D.cpp
  Test.cpp
  SelSet.cpp
  Option.cpp
  VO.cpp
  Obj.cpp
  List.cpp
  Error.cpp
  Carrier.cpp
  Array.cpp
  Ar.cpp
  MTView.cpp
  正在生成代码...
  正在编译...
  TSM.cpp
  Triangle.cpp
  STL.cpp
  SND.cpp
  RefSur.cpp
  RefPt.cpp
  RefPlane.cpp
  RefCur.cpp
  PLine2D.cpp
  Pic.cpp
  PCube.cpp
  PCloud.cpp
  PCell.cpp
  Part.cpp
  MPoint.cpp
  Model.cpp
  Mark.cpp
  Feature.cpp
  DNAVI.CPP
  DLoop.cpp
  正在生成代码...
  正在编译...
  DCurve.cpp
  CutSur.cpp
  TSubGroup.cpp
  TRS.cpp
  Tool.cpp
  TLib.cpp
  TGroup.cpp
  Step.cpp
  Sim5.cpp
  Sim.cpp
  Path.cpp
  Mill.cpp
  Machine.cpp
  CP.cpp
  MainFrm.cpp
  IgesImport.cpp
  IgesExport.cpp
  TrimCur.cpp
  ModSurCPt.cpp
  DynSpln.cpp
  正在生成代码...
  正在编译...
  DrawPt.cpp
  DrawLin.cpp
  DrawCir.cpp
  DrawBC.cpp
  DrawArc.cpp
  DlgPane.cpp
  XYZDlg.cpp
  WidthDlg.cpp
  WaitDlg.cpp
  VecDlg.cpp
  TLibDlg.cpp
  SwpDlg.cpp
  SurSmthDlg.cpp
  SCGDlg.cpp
  ScaleDlg.cpp
  RotDlg.cpp
  RHDlg.cpp
  RevDlg.cpp
  RefPtDlg.cpp
  RAADlg.cpp
  正在生成代码...
  正在编译...
  PicDlg.cpp
  PDesignDlg.cpp
  OptionDlg.cpp
  MoveDlg.cpp
  ModelDlg.cpp
  MirrorDlg.cpp
  MachineDlg.cpp
  LenDlg.cpp
  IsoCurDlg.cpp
  FlatToolDlg.cpp
  FilletCurDlg.cpp
  EllDlg.cpp
  DevDlg.cpp
  CurSmthDlg.cpp
  CurPtsDlg.cpp
  CurExtDlg.cpp
  CPDlg.cpp
  ConDlg.cpp
  CombDlg.cpp
  ColorDlg.cpp
  正在生成代码...
  正在编译...
  ChkDlg.cpp
  CFGDlg.cpp
  CCGDlg.cpp
  BarrelToolDlg.cpp
  BallToolDlg.cpp
  AngDlg.cpp
  Command.cpp
  ChildFrm.cpp
  CAMView.cpp
  CAMDoc.cpp
  CAM.cpp
  正在生成代码...
  CAM.vcxproj -> C:\Git\CAM625\CAM5_mmSTL625\x64\Debug\CAM.exe
  CAM.vcxproj -> C:\Git\CAM625\CAM5_mmSTL625\x64\Debug\CAM.pdb (Full PDB)
